0 info it worked if it ends with ok
1 verbose cli [ '/usr/bin/node', '/usr/bin/npm', 'install', 'tsd', '-g' ]
2 info using npm@1.3.24
3 info using node@v0.10.25
4 verbose node symlink /usr/bin/node
5 verbose cache add [ 'tsd', null ]
6 verbose cache add name=undefined spec="tsd" args=["tsd",null]
7 verbose parsed url { protocol: null,
7 verbose parsed url   slashes: null,
7 verbose parsed url   auth: null,
7 verbose parsed url   host: null,
7 verbose parsed url   port: null,
7 verbose parsed url   hostname: null,
7 verbose parsed url   hash: null,
7 verbose parsed url   search: null,
7 verbose parsed url   query: null,
7 verbose parsed url   pathname: 'tsd',
7 verbose parsed url   path: 'tsd',
7 verbose parsed url   href: 'tsd' }
8 silly lockFile 6d3ed5a2-tsd tsd
9 verbose lock tsd /home/miroshko/.npm/6d3ed5a2-tsd.lock
10 silly lockFile 6d3ed5a2-tsd tsd
11 silly lockFile 6d3ed5a2-tsd tsd
12 verbose addNamed [ 'tsd', '' ]
13 verbose addNamed [ null, '*' ]
14 silly lockFile ff70fa42-tsd tsd@
15 verbose lock tsd@ /home/miroshko/.npm/ff70fa42-tsd.lock
16 silly addNameRange { name: 'tsd', range: '*', hasData: false }
17 verbose url raw tsd
18 verbose url resolving [ 'https://registry.npmjs.org/', './tsd' ]
19 verbose url resolved https://registry.npmjs.org/tsd
20 info trying registry request attempt 1 at 22:37:39
21 http GET https://registry.npmjs.org/tsd
22 http 200 https://registry.npmjs.org/tsd
23 silly registry.get cb [ 200,
23 silly registry.get   { date: 'Wed, 10 Sep 2014 20:37:40 GMT',
23 silly registry.get     server: 'CouchDB/1.5.0 (Erlang OTP/R16B03)',
23 silly registry.get     etag: '"999L8R437B2BA17NYY1BPU38B"',
23 silly registry.get     'content-type': 'application/json',
23 silly registry.get     'cache-control': 'max-age=60',
23 silly registry.get     'content-length': '40292',
23 silly registry.get     'accept-ranges': 'bytes',
23 silly registry.get     via: '1.1 varnish',
23 silly registry.get     age: '0',
23 silly registry.get     'x-served-by': 'cache-ams4130-AMS',
23 silly registry.get     'x-cache': 'MISS',
23 silly registry.get     'x-cache-hits': '0',
23 silly registry.get     'x-timer': 'S1410381460.124030,VS0,VE472',
23 silly registry.get     vary: 'Accept',
23 silly registry.get     'keep-alive': 'timeout=10, max=50',
23 silly registry.get     connection: 'Keep-Alive' } ]
24 silly addNameRange number 2 { name: 'tsd', range: '*', hasData: true }
25 silly addNameRange versions [ 'tsd',
25 silly addNameRange   [ '0.1.0',
25 silly addNameRange     '0.1.1',
25 silly addNameRange     '0.1.2',
25 silly addNameRange     '0.2.0',
25 silly addNameRange     '0.2.1',
25 silly addNameRange     '0.2.2',
25 silly addNameRange     '0.3.0',
25 silly addNameRange     '0.3.1',
25 silly addNameRange     '0.5.2',
25 silly addNameRange     '0.5.3',
25 silly addNameRange     '0.5.5',
25 silly addNameRange     '0.5.6',
25 silly addNameRange     '0.5.7' ] ]
26 verbose addNamed [ 'tsd', '0.5.7' ]
27 verbose addNamed [ '0.5.7', '0.5.7' ]
28 silly lockFile 310fc726-tsd-0-5-7 tsd@0.5.7
29 verbose lock tsd@0.5.7 /home/miroshko/.npm/310fc726-tsd-0-5-7.lock
30 silly lockFile b8264967-stry-npmjs-org-tsd-tsd-0-5-7-tgz https://registry.npmjs.org/tsd/-/tsd-0.5.7.tgz
31 verbose lock https://registry.npmjs.org/tsd/-/tsd-0.5.7.tgz /home/miroshko/.npm/b8264967-stry-npmjs-org-tsd-tsd-0-5-7-tgz.lock
32 verbose addRemoteTarball [ 'https://registry.npmjs.org/tsd/-/tsd-0.5.7.tgz',
32 verbose addRemoteTarball   '524bfb437b541467b5cb6111f40744a7538042d1' ]
33 info retry fetch attempt 1 at 22:37:40
34 verbose fetch to= /home/miroshko/tmp/npm-16633-1Xi8Gr7T/1410381460584-0.3555154169443995/tmp.tgz
35 http GET https://registry.npmjs.org/tsd/-/tsd-0.5.7.tgz
36 http 200 https://registry.npmjs.org/tsd/-/tsd-0.5.7.tgz
37 verbose tar unpack /home/miroshko/tmp/npm-16633-1Xi8Gr7T/1410381460584-0.3555154169443995/tmp.tgz
38 silly lockFile e5cf77b6-60584-0-3555154169443995-package tar:///home/miroshko/tmp/npm-16633-1Xi8Gr7T/1410381460584-0.3555154169443995/package
39 verbose lock tar:///home/miroshko/tmp/npm-16633-1Xi8Gr7T/1410381460584-0.3555154169443995/package /home/miroshko/.npm/e5cf77b6-60584-0-3555154169443995-package.lock
40 silly lockFile fd558c17-60584-0-3555154169443995-tmp-tgz tar:///home/miroshko/tmp/npm-16633-1Xi8Gr7T/1410381460584-0.3555154169443995/tmp.tgz
41 verbose lock tar:///home/miroshko/tmp/npm-16633-1Xi8Gr7T/1410381460584-0.3555154169443995/tmp.tgz /home/miroshko/.npm/fd558c17-60584-0-3555154169443995-tmp-tgz.lock
42 silly gunzTarPerm modes [ '755', '644' ]
43 silly gunzTarPerm extractEntry package.json
44 silly gunzTarPerm modified mode [ 'package.json', 438, 420 ]
45 silly gunzTarPerm extractEntry README.md
46 silly gunzTarPerm modified mode [ 'README.md', 438, 420 ]
47 silly gunzTarPerm extractEntry build/api.js
48 silly gunzTarPerm modified mode [ 'build/api.js', 438, 420 ]
49 silly gunzTarPerm extractEntry build/cli.js
50 silly gunzTarPerm modified mode [ 'build/cli.js', 438, 420 ]
51 silly gunzTarPerm extractEntry build/.gitattributes
52 silly gunzTarPerm modified mode [ 'build/.gitattributes', 438, 420 ]
53 silly gunzTarPerm extractEntry build/api.d.ts
54 silly gunzTarPerm modified mode [ 'build/api.d.ts', 438, 420 ]
55 silly gunzTarPerm extractEntry conf/settings.json
56 silly gunzTarPerm modified mode [ 'conf/settings.json', 438, 420 ]
57 silly gunzTarPerm extractEntry schema/cache-v1.json
58 silly gunzTarPerm modified mode [ 'schema/cache-v1.json', 438, 420 ]
59 silly gunzTarPerm extractEntry schema/manage-v1.json
60 silly gunzTarPerm modified mode [ 'schema/manage-v1.json', 438, 420 ]
61 silly gunzTarPerm extractEntry schema/tsd-v4.json
62 silly gunzTarPerm modified mode [ 'schema/tsd-v4.json', 438, 420 ]
63 silly lockFile e5cf77b6-60584-0-3555154169443995-package tar:///home/miroshko/tmp/npm-16633-1Xi8Gr7T/1410381460584-0.3555154169443995/package
64 silly lockFile e5cf77b6-60584-0-3555154169443995-package tar:///home/miroshko/tmp/npm-16633-1Xi8Gr7T/1410381460584-0.3555154169443995/package
65 silly lockFile fd558c17-60584-0-3555154169443995-tmp-tgz tar:///home/miroshko/tmp/npm-16633-1Xi8Gr7T/1410381460584-0.3555154169443995/tmp.tgz
66 silly lockFile fd558c17-60584-0-3555154169443995-tmp-tgz tar:///home/miroshko/tmp/npm-16633-1Xi8Gr7T/1410381460584-0.3555154169443995/tmp.tgz
67 verbose tar pack [ '/home/miroshko/.npm/tsd/0.5.7/package.tgz',
67 verbose tar pack   '/home/miroshko/tmp/npm-16633-1Xi8Gr7T/1410381460584-0.3555154169443995/package' ]
68 verbose tarball /home/miroshko/.npm/tsd/0.5.7/package.tgz
69 verbose folder /home/miroshko/tmp/npm-16633-1Xi8Gr7T/1410381460584-0.3555154169443995/package
70 silly lockFile e5cf77b6-60584-0-3555154169443995-package tar:///home/miroshko/tmp/npm-16633-1Xi8Gr7T/1410381460584-0.3555154169443995/package
71 verbose lock tar:///home/miroshko/tmp/npm-16633-1Xi8Gr7T/1410381460584-0.3555154169443995/package /home/miroshko/.npm/e5cf77b6-60584-0-3555154169443995-package.lock
72 silly lockFile 425d54aa-roshko-npm-tsd-0-5-7-package-tgz tar:///home/miroshko/.npm/tsd/0.5.7/package.tgz
73 verbose lock tar:///home/miroshko/.npm/tsd/0.5.7/package.tgz /home/miroshko/.npm/425d54aa-roshko-npm-tsd-0-5-7-package-tgz.lock
74 silly lockFile e5cf77b6-60584-0-3555154169443995-package tar:///home/miroshko/tmp/npm-16633-1Xi8Gr7T/1410381460584-0.3555154169443995/package
75 silly lockFile e5cf77b6-60584-0-3555154169443995-package tar:///home/miroshko/tmp/npm-16633-1Xi8Gr7T/1410381460584-0.3555154169443995/package
76 silly lockFile 425d54aa-roshko-npm-tsd-0-5-7-package-tgz tar:///home/miroshko/.npm/tsd/0.5.7/package.tgz
77 silly lockFile 425d54aa-roshko-npm-tsd-0-5-7-package-tgz tar:///home/miroshko/.npm/tsd/0.5.7/package.tgz
78 silly lockFile f5751d3b-e-miroshko-npm-tsd-0-5-7-package /home/miroshko/.npm/tsd/0.5.7/package
79 verbose lock /home/miroshko/.npm/tsd/0.5.7/package /home/miroshko/.npm/f5751d3b-e-miroshko-npm-tsd-0-5-7-package.lock
80 silly lockFile f5751d3b-e-miroshko-npm-tsd-0-5-7-package /home/miroshko/.npm/tsd/0.5.7/package
81 silly lockFile f5751d3b-e-miroshko-npm-tsd-0-5-7-package /home/miroshko/.npm/tsd/0.5.7/package
82 verbose tar unpack /home/miroshko/.npm/tsd/0.5.7/package.tgz
83 silly lockFile ac2b4eb0-e-miroshko-npm-tsd-0-5-7-package tar:///home/miroshko/.npm/tsd/0.5.7/package
84 verbose lock tar:///home/miroshko/.npm/tsd/0.5.7/package /home/miroshko/.npm/ac2b4eb0-e-miroshko-npm-tsd-0-5-7-package.lock
85 silly lockFile 425d54aa-roshko-npm-tsd-0-5-7-package-tgz tar:///home/miroshko/.npm/tsd/0.5.7/package.tgz
86 verbose lock tar:///home/miroshko/.npm/tsd/0.5.7/package.tgz /home/miroshko/.npm/425d54aa-roshko-npm-tsd-0-5-7-package-tgz.lock
87 silly gunzTarPerm modes [ '755', '644' ]
88 silly gunzTarPerm extractEntry package.json
89 silly gunzTarPerm extractEntry README.md
90 silly gunzTarPerm extractEntry build/api.js
91 silly gunzTarPerm extractEntry build/cli.js
92 silly gunzTarPerm extractEntry build/.gitattributes
93 silly gunzTarPerm extractEntry build/api.d.ts
94 silly gunzTarPerm extractEntry conf/settings.json
95 silly gunzTarPerm extractEntry schema/cache-v1.json
96 silly gunzTarPerm extractEntry schema/manage-v1.json
97 silly gunzTarPerm extractEntry schema/tsd-v4.json
98 silly lockFile ac2b4eb0-e-miroshko-npm-tsd-0-5-7-package tar:///home/miroshko/.npm/tsd/0.5.7/package
99 silly lockFile ac2b4eb0-e-miroshko-npm-tsd-0-5-7-package tar:///home/miroshko/.npm/tsd/0.5.7/package
100 silly lockFile 425d54aa-roshko-npm-tsd-0-5-7-package-tgz tar:///home/miroshko/.npm/tsd/0.5.7/package.tgz
101 silly lockFile 425d54aa-roshko-npm-tsd-0-5-7-package-tgz tar:///home/miroshko/.npm/tsd/0.5.7/package.tgz
102 verbose chmod /home/miroshko/.npm/tsd/0.5.7/package.tgz 644
103 verbose chown /home/miroshko/.npm/tsd/0.5.7/package.tgz [ 1000, 1000 ]
104 silly lockFile b8264967-stry-npmjs-org-tsd-tsd-0-5-7-tgz https://registry.npmjs.org/tsd/-/tsd-0.5.7.tgz
105 silly lockFile b8264967-stry-npmjs-org-tsd-tsd-0-5-7-tgz https://registry.npmjs.org/tsd/-/tsd-0.5.7.tgz
106 silly lockFile 310fc726-tsd-0-5-7 tsd@0.5.7
107 silly lockFile 310fc726-tsd-0-5-7 tsd@0.5.7
108 silly lockFile ff70fa42-tsd tsd@
109 silly lockFile ff70fa42-tsd tsd@
110 silly resolved [ { name: 'tsd',
110 silly resolved     version: '0.5.7',
110 silly resolved     description: 'TypeScript Definition manager for DefinitelyTyped',
110 silly resolved     keywords: [ 'typescript', 'definition', 'package', 'manager' ],
110 silly resolved     homepage: 'https://github.com/DefinitelyTyped/tsd',
110 silly resolved     repository:
110 silly resolved      { type: 'git',
110 silly resolved        url: 'https://github.com/DefinitelyTyped/tsd.git' },
110 silly resolved     author:
110 silly resolved      { name: 'Bart van der Schoor',
110 silly resolved        url: 'https://github.com/Bartvds' },
110 silly resolved     contributors: [ [Object] ],
110 silly resolved     licenses: [ [Object] ],
110 silly resolved     bugs: { url: 'https://github.com/DefinitelyTyped/tsd/issues' },
110 silly resolved     preferGlobal: true,
110 silly resolved     engines: { node: '>= 0.10.0 < 0.11.0' },
110 silly resolved     main: './build/api.js',
110 silly resolved     bin: { tsd: './build/cli.js' },
110 silly resolved     scripts: { test: 'grunt test', prepublish: 'grunt pre_publish' },
110 silly resolved     dependencies:
110 silly resolved      { q: '~0.9.7',
110 silly resolved        'q-io': '~1.9.4',
110 silly resolved        open: '~0.0.4',
110 silly resolved        exit: '~0.1.1',
110 silly resolved        mkdirp: '~0.3.5',
110 silly resolved        semver: '~2.2.1',
110 silly resolved        tv4: '~1.0.14',
110 silly resolved        'tv4-reporter': '~0.0.4',
110 silly resolved        'uri-templates': '0.1.2',
110 silly resolved        minimist: '0.0.7',
110 silly resolved        'assertion-error': '1.0.0',
110 silly resolved        jsesc: '~0.4.3',
110 silly resolved        'js-yaml': '~3.0.1',
110 silly resolved        'json-pointer': '~0.1.0',
110 silly resolved        ministyle: '~0.1.3',
110 silly resolved        miniwrite: '~0.1.3',
110 silly resolved        minitable: '~0.0.2',
110 silly resolved        'es6-shim': '0.9.1',
110 silly resolved        request: '~2.33.0',
110 silly resolved        'event-stream': '~3.1.0',
110 silly resolved        bufferstream: '~0.6.2',
110 silly resolved        'update-notifier': 'git://github.com/Bartvds/update-notifier/#fix/fork',
110 silly resolved        'universal-analytics': '~0.3.2',
110 silly resolved        uuid: '~1.4.1',
110 silly resolved        'weak-map': '~1.0.3',
110 silly resolved        'detect-indent': '~0.1.3' },
110 silly resolved     devDependencies:
110 silly resolved      { 'source-map-support': '~0.2.5',
110 silly resolved        grunt: '~0.4.2',
110 silly resolved        'grunt-cli': '~0.1.11',
110 silly resolved        'gruntfile-gtx': '~0.2.5',
110 silly resolved        'grunt-contrib-clean': '~0.5.0',
110 silly resolved        'grunt-contrib-copy': '~0.4.1',
110 silly resolved        'grunt-contrib-jshint': '~0.7.2',
110 silly resolved        'jshint-path-reporter': '~0.1',
110 silly resolved        typescript: '0.9.7',
110 silly resolved        'grunt-ts': '~1.7.0',
110 silly resolved        'grunt-tslint': '~0.4.1',
110 silly resolved        'tslint-path-formatter': '~0.1.0',
110 silly resolved        'grunt-tv4': '~0.4.0',
110 silly resolved        'grunt-shell': '~0.6.1',
110 silly resolved        'grunt-contrib-connect': '~0.5.0',
110 silly resolved        'grunt-todos': 'git://github.com/Bartvds/grunt-todos/#master',
110 silly resolved        'grunt-mocha-test': '~0.8.0',
110 silly resolved        'mocha-unfunk-reporter': '~0.4.0',
110 silly resolved        chai: 'git://github.com/Bartvds/chai/#fixes/1.8.x',
110 silly resolved        'chai-fs': '~0.0.3',
110 silly resolved        'chai-fuzzy': '~1.4.0',
110 silly resolved        'chai-json-schema': '~1.0.10',
110 silly resolved        'chai-as-promised': '~4.1.0',
110 silly resolved        'buffer-equal': '0.0.0',
110 silly resolved        ansidiff: '~1.0.0',
110 silly resolved        'lodash-template': '~1.0.0',
110 silly resolved        'grunt-webshot': '~0.2.0',
110 silly resolved        'grunt-regex-replace': '~0.2.5',
110 silly resolved        'package.json-schema': '~0.2.0' },
110 silly resolved     readme: '# TSD\n\n[![Build Status](https://secure.travis-ci.org/DefinitelyTyped/tsd.png?branch=master)](http://travis-ci.org/DefinitelyTyped/tsd) [![NPM version](https://badge.fury.io/js/tsd.png)](http://badge.fury.io/js/tsd) [![Dependency Status](https://david-dm.org/DefinitelyTyped/tsd.png)](https://david-dm.org/DefinitelyTyped/tsd) [![devDependency Status](https://david-dm.org/DefinitelyTyped/tsd/dev-status.png)](https://david-dm.org/DefinitelyTyped/tsd#info=devDependencies)\n\n> TypeScript Definition manager for DefinitelyTyped\n\nTSD is a package manager to search and install [TypeScript](http://www.typescriptlang.org/) definition files directly from the community driven [DefinitelyTyped](https://github.com/borisyankov/DefinitelyTyped) repository. \n\n#### Usage notes\n\n*\tIt is recommended you check-in the definitions you install into your VCS.\n*\tDon\'t forget to move your fixes back to [DefinitelyTyped](https://github.com/borisyankov/DefinitelyTyped)\n\n#### Github rate-limit\n\nThe Github API has a 60-requests-per-hour [rate-limit](http://developer.github.com/v3/#rate-limiting) for non-authenticated use. You\'ll likely never hit this as TSD uses local caching and the definition files are downloaded from Github RAW urls. Optionally a scope-limited Github OAuth token can be used to boost the limit to 5000.\n\n#### Usage stats & update-notifier\n\nThe CLI tool [tracks](https://github.com/DefinitelyTyped/tsd/blob/master/src/tsd/cli/tracker.ts) some *anonymous* usage statistics about what definitions are installed though TSD in Google Analytics (using [universal-analytics](https://npmjs.org/package/universal-analytics)). There is also a [update-notifier](https://npmjs.org/package/update-notifier) service to check for TSD updates.\n\n## Install\n\nInstall global using [node](http://nodejs.org/) using [npm](https://npmjs.org/):\n\n````bash\n$ npm install tsd -g\n````\n\nFor previews and history check the [release tags](https://github.com/DefinitelyTyped/tsd/releases).\n\n## Usage as CLI command\n\nGlobal `tsd` binary:\n\n````bash\n$ tsd -h\n````\n\n[![$ tsd -h](https://raw.github.com/DefinitelyTyped/tsd/master/media/capture/help-small.png)](https://raw.github.com/DefinitelyTyped/tsd/master/media/capture/help.png)\n\nSometimes it looks like this:\n\n* [`$ tsd --help`](https://raw.github.com/DefinitelyTyped/tsd/master/media/capture/help.png)\n* [`$ tsd query async --info --history --action install`](https://raw.github.com/DefinitelyTyped/tsd/master/media/capture/async.png)\n* [`$ tsd query angular* --resolve`](https://raw.github.com/DefinitelyTyped/tsd/master/media/capture/angular.png)\n\n### Practical examples\n\nCreate a new `tsd.json`:\n\n````bash\n$ tsd init\n````\n\n#### Search\n\nMinimal query for `d3`:\n\n````bash\n$ tsd query d3\n````\n\nTip: if you are using Linux or Mac OS X, use `$ tsd query "*"`.\n\nGet some info about `jquery`:\n\n````bash\n$ tsd query jquery --info --resolve\n$ tsd query jquery -i -r\n$ tsd query jquery -ir\n````\n\nSearch for `jquery` plugins:\n\n````bash\n$ tsd query */jquery.*\n````\n\nView `mocha` history:\n\n````bash\n$ tsd query mocha --history\n$ tsd query mocha -y\n````\n\nList *everything*:\n\n````bash\n$ tsd query *\n````\n\n#### Open browser\n\nBrowse `pixi` definition on github:\n\n````bash\n$ tsd query pixi --action browse\n$ tsd query pixi -a browse\n````\n\nVisit `gruntjs` homepage:\n\n````bash\n$ tsd query gruntjs --action visit\n$ tsd query gruntjs -a visit\n````\n\n#### Install to project\n\nInstall `mocha`, `chai` and `sinon` definitions all at once:\n\n````bash\n$ tsd query mocha chai sinon --action install\n$ tsd query mocha chai sinon -a install\n````\n\nInstall `bootstrap` definitions:\n\n````bash\n$ tsd query bootstrap --action install\n$ tsd query bootstrap -a install\n````\n\nSolve the reference to `jquery`, overwrite existing files and save to the tsd.config:\n\n````bash\n$ tsd query angular --resolve --overwrite --save --action install\n$ tsd query angular -r -o -s -a install\n$ tsd query angular -rosa install\n````\nInstall and save to `test.d.ts` as `<reference/>` bundle:\n\n````bash\n$ tsd query mocha chai -r -o -s -a install -b test\n````\n\n## Query\n\nTSD uses a (globbing) path + filename selector to query the [DefinitelyTyped index](https://github.com/borisyankov/DefinitelyTyped). The results can then be modified using various filters:\n\nNote how the definition filename takes priority:\n\n````bash\n$ tsd query module\n$ tsd query project/module\n````\n\n\nFor example, consider these definitions:\n\n````\nproject/module.d.ts\nproject/module-0.1.2.d.ts\nproject/module-addon.d.ts\n\nproject-plugin/plugin.d.ts\n\nother/module.d.ts\nother/plugin.d.ts\n````\n\nNotice the pattern, and ignore the `.d.ts` extension:\n\n````html\n<project>/<module><semver>.d.ts\t\n````\n\nSelect definitions using only the module name:\n\n````bash\n$ tsd query module\n$ tsd query module-addon\n````\n\nOr use a selector derived from the path format:\n\n````bash\n$ tsd query project/module\n$ tsd query other/module\n````\n\n### Globbing filter\n\nThe selector also supports globbing, for example:\n\n````bash\n$ tsd query project/*\n$ tsd query project*\n$ tsd query module*\n$ tsd query project/module*\n$ tsd query project-*/plugin*\n$ tsd query *project*/*\n$ tsd query project/plugin*\n$ tsd query other/module\n$ tsd query */module\n$ tsd query */module-*\n$ tsd query */*plugin\n````\n\nGlobbing implements only leading and trailing (for now).\n\n### Semver filter\n\nNote: the [semver](https://github.com/isaacs/node-semver) postfix of definition files is expected to be separated by a dash and possibly a `\'v\'`\n\n````\nmodule-0.1.2\nmodule-v0.1.2\nmodule-v0.1.2-alpha\n````\n\nIf there are multiple matches with same module name they will be prioritised:\n\n1.\tThe unversioned name is considered being most recent.\n2.\tThen versions are compared as expected following these [comparison](https://github.com/isaacs/node-semver#comparison) rules.\n3.\tUse the `--version` / `-v` option to set a semver-range:\n\n````bash\n$ tsd query node -v latest\n$ tsd query node -v all\n$ tsd query node -v ">=0.8 <0.10"\n$ tsd query node -v "<0.10"\n````\n\n### Date filter\n\nUse the `--date` / `-d` option to set a date-range (find dates using `--history` / `-y`):\n\n````bash\n$ tsd query d3 --history\n$ tsd query d3 --date ">=2012-01-01"\n\n$ tsd query d3 -y\n$ tsd query d3 -d "<2012-01-01"\n````\n\n### Commit filter\n\nUse the `--commit` / `-c` option to supply sha1-hash of a commit (find a commit hash using `--history`), for convenience a shortened sha1 hash is supported. \n\n````bash\n$ tsd query youtube --history\n$ tsd query youtube --date d6ff\n\n$ tsd query youtube -y\n$ tsd query youtube -c d6ff\n````\n\nNotes:\n\n1. For now this only works with commits that actually changed the definition file you selected (eg, listed in `--history`) This will be expanded to allow selecting from any commit at a later date.\n\n## Usage as module\n \nTSD can be used as a JavaScript npm dependency: \n\n````js\nvar tsd = require(\'tsd\');\nvar api = new tsd.API(new tsd.Context(\'path/to/tsd-config.json\'));\napi.search(new tsd.Selector(\'jquery/*\')).then(function(res) {\n\t// yes\n\tutil.inspect(res);\n\n}, function(err) {\n\t// no\n});\n````\n\nFor a practical example see [grunt-tsd](https://github.com/DefinitelyTyped/grunt-tsd).\n\nTSD uses Promise/A+ by [kriskowal/q](https://github.com/kriskowal/q) and [kriskowal/q-io](https://github.com/kriskowal/q-io) packages. :point_left::+1: \n\nNote: Keep in mind this project started as a `<reference>` style TypeScript `v0.8.x` single-file compile target, which makes it harder to limit the exported API compared to `import` multi-file style. This is also why the definitions include more then just the `tsd` namespace. \n\nAPI export is somewhat experimental; take care to lock versions and test on upgrade. If you plan to use TSD as module in a tool or project then feel free to [leave a message](https://github.com/DefinitelyTyped/tsd/issues) and coordinate stuff.\n\n### API docs \n\nNot yet. \n\n## Special files\n\n### tsd.json\n\nThe `tsd.json` file is automatically created in the root of each project: it configures TSD and it tracks the definitions that are installed (using `--save`). See the [JSON Schema](https://github.com/DefinitelyTyped/tsd/tree/master/schema) for more info.\n\n### tsd.d.ts\n\nThe `tsd.d.ts` file links every definition that is installed (with `--save`) for convenient reference:\n\n````\n/// <reference path="../typings/tsd.d.ts" />\n```` \n\nBy default it is created in the typings folder but it is configurable in `tsd.json`. TSD will check the existing references and respects re-ordering.\n\n### .tsdrc\n\nThis is a optional JSON encoded file to define global settings. TSD looks for it in the  user\'s home director (eg: `%USERPROFILE%` on Windows, `$HOME` / `~` on Linux), and in the current working directory.\n\n- "**proxy**" - Use a http `proxy`\n\nAny standard http-proxy as supported by the [request](https://github.com/mikeal/request) package.\n\n````json\n{\n\t"proxy": "http://proxy.example.com:88"\n}\n````\n\n- "**token**" - Github OAuth token:\n\nThe OAuth token can be used to boost the Github API rate-limit from 60 to 5000 (non-cached) requests per hour. The is token needs just [\'read-only access to public information\'](http://developer.github.com/v3/oauth/#scopes) so no additional OAuth scopes are necessary.\n\n````json\n{\n\t"token": "0beec7b5ea3f0fdbc95d0dd47f3c5bc275da8a33"\n}\n````\n\nYou can create this token on Github.com:\n\n1. Go to https://github.com/settings/tokens/new\n3. *Deselect* all scopes to create a token with just basic authentication.\n\t1. (verify you *really* deselected all scopes) \n\t5. (wonder why these presets were set??)\n2. Enter a identifying name, something like "`TSD Turbo 5000`"\n5. Create the token.\n6. Copy the hex-string to the `token` element in the `.tsdrc` file.\n6. Verify enhanced rate-limit using `$ tsd rate`\n\nChange or revoke the token at any time on https://github.com/settings/applications\n\nNote: keep in mind the `.tsdrc` file is *not* secured. Don\'t use a token with additional scope unless you know what you are doing. \n\nThe bare \'no scope\' token is *relatively* harmless as it gives \'read-only access to public information\', same as any non-autenticated access. But it does *identify* any requests done with it as being *yours*, so it is still *your* responsibility to keep the token private.\n\n## FAQ & Info\n\n### Is there a grunt task available?\n\nOf course! The official plugin is [grunt-tsd](https://github.com/DefinitelyTyped/grunt-tsd).\n\n### I hit the rate-limit: now what?\n\nIf TSD is used in a way that needs many unique API calls in a short period (like using `--history` on big selections), or shares an internet-connection with multiple users (like in an office) then the rate limit blocks the API. It blocks for 60 minutes after the *first* request of the total 60.\n\nFor these cases TSD has an option to use a Github OAuth token and raise your local rate-limit from 60 to 5000 per hour. See the `.tsdrc`-section elsewhere in the readme.\n\n### Does TSD work behind a (corporate) http proxy?\n\nAs of `v0.5.7` there are two ways to configure the location of the proxy server:\n\n1. Use a environment variable. TSD support the conventional fields: pick one of `HTTPS_PROXY`, `https_proxy`, `HTTP_PROXY` or `http_proxy`.\n1. Use a global `.tsdrc` file and set a `proxy` value (see the tsdrc-section elsewhere in the readme).\n\n### Why does the install / search command not work like in TSD 0.3.0?\n\nThe old TSD `v0.3.0` had it\'s own repository data file that mapped module names to url\'s of definition files. This had a few downsides for (maintenance being one). Since `v0.5.0` we link directly to [DefinitelyTyped](https://github.com/borisyankov/DefinitelyTyped) where the directory and file names are a reasonable indicator but not 100% identical to the names as you\'d find them in npm, bower or other package managers.\n\nThe DefinitelyTyped [group](https://github.com/DefinitelyTyped/tsd/issues) is working on a meta-data source that will solve this.\n\n### Can TSD auto-install definitions for a specific package version?\n\nYes, and no (and later yes again)\n\nThere is basic support for parsing semver-postfixes from the definition file names, and you can filter on this using [semver](https://github.com/isaacs/node-semver) ranges with the `--version` option: Try it with the \'node\' definitions.\n\nIt works well but is not used much in the current DefinitelyTyped repository. The DefinitelyTyped [group](https://github.com/DefinitelyTyped/tsd/issues) is working on a meta-data source that will solve this (the [Nuget exporter](https://github.com/DefinitelyTyped/NugetAutomation) is waiting for this too).\n\n### What is the location of the cache folders?\n\nThe cache is stored in the users home directory (like `$ npm`). Use `$ tsd settings` to view the current paths. Use the `--cacheDir` to override the cache directory, or `--cacheMode` to modify caching behaviour. \n\n### I have a suggestion or contribution\n\nFeel free to leave a [ticket](https://github.com/DefinitelyTyped/tsd/issues). Questions and contributions for the definition files go [here](https://github.com/borisyankov/DefinitelyTyped/issues).\n\n## History\n\n### v0.5.x ( > 2013-08)\n\nSee the [release tags](https://github.com/DefinitelyTyped/tsd/releases) fore more details.\n\n* `0.5.x` - `current` - Full rewrite by @[Bartvds](https://github.com/Bartvds): drops the separated TSD data registry in favour of using the [Github API](http://developer.github.com/) to pull definitions directly from [DefinitelyTyped](https://github.com/borisyankov/DefinitelyTyped).\n\n### v0.3.x\n\n* Original version by @[Diullei](https://github.com/Diullei).\n\nTo install `v0.3.x` (old readme [here](https://github.com/DefinitelyTyped/tsd/blob/legacy/README.md)):\n\n````bash\n$ npm install tsd@0.3.0 -g\n````\n\n## Notable modules\n\nSome essential modules used to build TSD:\n\n* [es6-shim](https://github.com/paulmillr/es6-shim) & [weak-map](https://github.com/drses/weak-map) - Map, Sets and some usefull things.\n* [grunt-ts](https://github.com/basarat/grunt-ts) - TypeScript compiler for grunt.\n* [tslint](https://github.com/palantir/tslint) + [grunt-tslint](https://github.com/palantir/grunt-tslint) - TypeScript linter (contribute some rules!)\n* [gruntfile-gtx](https://github.com/Bartvds/gruntfile-gtx) - Gruntfile powerbooster (by author).\n* [tv4](https://github.com/geraintluff/tv4) - JSON-Schema validation like a boss.\n* [q](https://github.com/kriskowal/q) and [q-io](https://github.com/kriskowal/q-io) - Promises as promised.\n* [semver](https://github.com/isaacs/node-semver) - Semver parsing and filtering\n\n## Build\n\nTSD is build with [TypeScript](http://www.typescriptlang.org/) `v0.9.7` and managed using [Grunt](http://www.gruntjs.com).\n\nTo rebuild clone or fork the repos:\n\nInstall dependencies\n\n````bash\n$ npm install\n````\n\nBuild, lint and test\n\n````bash\n$ grunt test\n````\n\nOnly rebuild (and run cli)\n\n````bash\n$ grunt build\n````\n\nEither install global or use in dev folder:\n\nRun in dev folder\n\n````bash\n$ node ./build/cli.js query d3 --dev\n````\n\nInstall to global cli\n\n````bash\n$ npm install . -g\n````\n\nTSD uses [gruntfile-gtx](https://github.com/Bartvds/gruntfile-gtx) to test separate test suites sets during development:\n\nList aliases\n\n````bash\n$ grunt -h\n````\n\nExample: run only api tests\n\n````bash\n$ grunt gtx:api\n$ grunt gtx:cli\n$ grunt gtx:tsd\n````\n\nIt is recommend you use an intelligent parsing IDE (WebStorm or VisualStudio) and a big screen (or two) on a properly powerful workstation.\n\nCode looks best with tabs rendered at 4 spaces (3 is nice too, or 6 or 8.. I don\'t really care, because [smart-tabs](http://www.emacswiki.org/SmartTabs) are awesome like that). The gruntfile uses slightly harsh [JSHint](https://github.com/jshint/jshint) and [TSLint](https://github.com/palantir/tslint) settings to enforce code style, but there is an [`.editorconfig`](http://editorconfig.org/) to elevate some of the pain.\n\n## Contribute\n\nContributions are very welcome; please discuss larger changes in a [ticket](https://github.com/DefinitelyTyped/tsd/issues) first. Fixes and simple enhancements are always much appreciated. \n\n**Note:** Contributions on the definition files go directly to [DefinitelyTyped](https://github.com/borisyankov/DefinitelyTyped).\n\n## Privacy statement\n\nThe TSD CLI tool collects definition usage information, like the queries made to the repo and the definitions that get installed. The information collected amounts to about same level of detail as services like npm or github would collect (maybe even less as we don\'t track a user id). \n\nThe API does not track anything. \n\nTo store this TSD uses [Google Analytics](http://www.google.com/analytics/) in the excellent [universal-analytics](https://npmjs.org/package/universal-analytics) package. We might at some point publish some anonymised aggregate stats to the DefinitelyTyped website.\n\nThe optional [Github OAuth token](http://developer.github.com/v3/oauth/) is only used to authenticate with the Github API. The token is not stored anywhere but the local machine. It is your responsibility to keep your token safe. \n\nUsing an OAuth token with additional scope is *not advised nor supported* (even though it could make TSD work with private repositories). But it might also leak repo or content names to analytics or leave a bare http cache in your temp dir. If this bothers you please review the license and/or leave a message.\n\nChanges to the policy should be announced in release notes, and ideally ask confirmation on the first CLI use.\n\n## License\n\nCopyright (c) 2013 by [Bart van der Schoor](https://github.com/Bartvds).\n\nLicensed under the [Apache License, Version 2.0](https://raw.github.com/DefinitelyTyped/tsd/master/LICENSE.txt). \n\n* note: there is some imported MIT licensed code by myself, [Bart van der Schoor](https://github.com/Bartvds)\n\nCopyright (c) 2012 by [Diullei Gomes](https://github.com/Diullei).\n\nLicensed under the MIT License. \n\n[![Bitdeli Badge](https://d2weczhvl823v0.cloudfront.net/DefinitelyTyped/tsd/trend.png)](https://bitdeli.com/free "Bitdeli Badge")\n',
110 silly resolved     readmeFilename: 'README.md',
110 silly resolved     _id: 'tsd@0.5.7',
110 silly resolved     dist: { shasum: 'd4abd6d7b52c99b1da0bd7cf06c4595901f798c1' },
110 silly resolved     _from: 'tsd@',
110 silly resolved     _resolved: 'https://registry.npmjs.org/tsd/-/tsd-0.5.7.tgz' } ]
111 info install tsd@0.5.7 into /usr/lib
112 info installOne tsd@0.5.7
113 info /usr/lib/node_modules/tsd unbuild
114 verbose tar unpack /home/miroshko/.npm/tsd/0.5.7/package.tgz
115 silly lockFile bb62b923-tar-usr-lib-node-modules-tsd tar:///usr/lib/node_modules/tsd
116 verbose lock tar:///usr/lib/node_modules/tsd /home/miroshko/.npm/bb62b923-tar-usr-lib-node-modules-tsd.lock
117 silly lockFile 425d54aa-roshko-npm-tsd-0-5-7-package-tgz tar:///home/miroshko/.npm/tsd/0.5.7/package.tgz
118 verbose lock tar:///home/miroshko/.npm/tsd/0.5.7/package.tgz /home/miroshko/.npm/425d54aa-roshko-npm-tsd-0-5-7-package-tgz.lock
119 silly gunzTarPerm modes [ '755', '644' ]
120 error Error: EACCES, mkdir '/usr/lib/node_modules/tsd'
120 error  { [Error: EACCES, mkdir '/usr/lib/node_modules/tsd']
120 error   errno: 3,
120 error   code: 'EACCES',
120 error   path: '/usr/lib/node_modules/tsd',
120 error   fstream_type: 'Directory',
120 error   fstream_path: '/usr/lib/node_modules/tsd',
120 error   fstream_class: 'DirWriter',
120 error   fstream_stack:
120 error    [ '/usr/lib/node_modules/npm/node_modules/fstream/lib/dir-writer.js:36:23',
120 error      '/usr/lib/node_modules/npm/node_modules/mkdirp/index.js:37:53',
120 error      'Object.oncomplete (fs.js:107:15)' ] }
121 error Please try running this command again as root/Administrator.
122 error System Linux 3.13.0-35-lowlatency
123 error command "/usr/bin/node" "/usr/bin/npm" "install" "tsd" "-g"
124 error cwd /home/miroshko/projects/miedr
125 error node -v v0.10.25
126 error npm -v 1.3.24
127 error path /usr/lib/node_modules/tsd
128 error fstream_path /usr/lib/node_modules/tsd
129 error fstream_type Directory
130 error fstream_class DirWriter
131 error code EACCES
132 error errno 3
133 error stack Error: EACCES, mkdir '/usr/lib/node_modules/tsd'
134 error fstream_stack /usr/lib/node_modules/npm/node_modules/fstream/lib/dir-writer.js:36:23
134 error fstream_stack /usr/lib/node_modules/npm/node_modules/mkdirp/index.js:37:53
134 error fstream_stack Object.oncomplete (fs.js:107:15)
135 verbose exit [ 3, true ]
